<?xml version="1.0" encoding="UTF-8"?>
<testsuite name="com.example.apitest.ApiTestApplicationTests" tests="1" skipped="0" failures="0" errors="0" timestamp="2022-08-09T16:29:55" hostname="CHRISIHOBY-PC" time="0.548">
  <properties/>
  <testcase name="contextLoads()" classname="com.example.apitest.ApiTestApplicationTests" time="0.548"/>
  <system-out><![CDATA[18:29:53.042 [Test worker] DEBUG org.springframework.test.context.BootstrapUtils - Instantiating CacheAwareContextLoaderDelegate from class [org.springframework.test.context.cache.DefaultCacheAwareContextLoaderDelegate]
18:29:53.055 [Test worker] DEBUG org.springframework.test.context.BootstrapUtils - Instantiating BootstrapContext using constructor [public org.springframework.test.context.support.DefaultBootstrapContext(java.lang.Class,org.springframework.test.context.CacheAwareContextLoaderDelegate)]
18:29:53.099 [Test worker] DEBUG org.springframework.test.context.BootstrapUtils - Instantiating TestContextBootstrapper for test class [com.example.apitest.ApiTestApplicationTests] from class [org.springframework.boot.test.context.SpringBootTestContextBootstrapper]
18:29:53.115 [Test worker] INFO org.springframework.boot.test.context.SpringBootTestContextBootstrapper - Neither @ContextConfiguration nor @ContextHierarchy found for test class [com.example.apitest.ApiTestApplicationTests], using SpringBootContextLoader
18:29:53.119 [Test worker] DEBUG org.springframework.test.context.support.AbstractContextLoader - Did not detect default resource location for test class [com.example.apitest.ApiTestApplicationTests]: class path resource [com/example/apitest/ApiTestApplicationTests-context.xml] does not exist
18:29:53.120 [Test worker] DEBUG org.springframework.test.context.support.AbstractContextLoader - Did not detect default resource location for test class [com.example.apitest.ApiTestApplicationTests]: class path resource [com/example/apitest/ApiTestApplicationTestsContext.groovy] does not exist
18:29:53.120 [Test worker] INFO org.springframework.test.context.support.AbstractContextLoader - Could not detect default resource locations for test class [com.example.apitest.ApiTestApplicationTests]: no resource found for suffixes {-context.xml, Context.groovy}.
18:29:53.120 [Test worker] INFO org.springframework.test.context.support.AnnotationConfigContextLoaderUtils - Could not detect default configuration classes for test class [com.example.apitest.ApiTestApplicationTests]: ApiTestApplicationTests does not declare any static, non-private, non-final, nested classes annotated with @Configuration.
18:29:53.168 [Test worker] DEBUG org.springframework.test.context.support.ActiveProfilesUtils - Could not find an 'annotation declaring class' for annotation type [org.springframework.test.context.ActiveProfiles] and class [com.example.apitest.ApiTestApplicationTests]
18:29:53.247 [Test worker] DEBUG org.springframework.context.annotation.ClassPathScanningCandidateComponentProvider - Identified candidate component class: file [C:\EXAMPLES_PROJECTS\api-test\build\classes\kotlin\main\com\example\apitest\ApiTestApplication.class]
18:29:53.249 [Test worker] INFO org.springframework.boot.test.context.SpringBootTestContextBootstrapper - Found @SpringBootConfiguration com.example.apitest.ApiTestApplication for test class com.example.apitest.ApiTestApplicationTests
18:29:53.378 [Test worker] DEBUG org.springframework.boot.test.context.SpringBootTestContextBootstrapper - @TestExecutionListeners is not present for class [com.example.apitest.ApiTestApplicationTests]: using defaults.
18:29:53.380 [Test worker] INFO org.springframework.boot.test.context.SpringBootTestContextBootstrapper - Loaded default TestExecutionListener class names from location [META-INF/spring.factories]: [org.springframework.boot.test.autoconfigure.restdocs.RestDocsTestExecutionListener, org.springframework.boot.test.autoconfigure.web.client.MockRestServiceServerResetTestExecutionListener, org.springframework.boot.test.autoconfigure.web.servlet.MockMvcPrintOnlyOnFailureTestExecutionListener, org.springframework.boot.test.autoconfigure.web.servlet.WebDriverTestExecutionListener, org.springframework.boot.test.autoconfigure.webservices.client.MockWebServiceServerTestExecutionListener, org.springframework.boot.test.mock.mockito.MockitoTestExecutionListener, org.springframework.boot.test.mock.mockito.ResetMocksTestExecutionListener, org.springframework.test.context.web.ServletTestExecutionListener, org.springframework.test.context.support.DirtiesContextBeforeModesTestExecutionListener, org.springframework.test.context.event.ApplicationEventsTestExecutionListener, org.springframework.test.context.support.DependencyInjectionTestExecutionListener, org.springframework.test.context.support.DirtiesContextTestExecutionListener, org.springframework.test.context.transaction.TransactionalTestExecutionListener, org.springframework.test.context.jdbc.SqlScriptsTestExecutionListener, org.springframework.test.context.event.EventPublishingTestExecutionListener]
18:29:53.393 [Test worker] DEBUG org.springframework.boot.test.context.SpringBootTestContextBootstrapper - Skipping candidate TestExecutionListener [org.springframework.test.context.transaction.TransactionalTestExecutionListener] due to a missing dependency. Specify custom listener classes or make the default listener classes and their required dependencies available. Offending class: [org/springframework/transaction/interceptor/TransactionAttributeSource]
18:29:53.394 [Test worker] DEBUG org.springframework.boot.test.context.SpringBootTestContextBootstrapper - Skipping candidate TestExecutionListener [org.springframework.test.context.jdbc.SqlScriptsTestExecutionListener] due to a missing dependency. Specify custom listener classes or make the default listener classes and their required dependencies available. Offending class: [org/springframework/transaction/interceptor/TransactionAttribute]
18:29:53.394 [Test worker] INFO org.springframework.boot.test.context.SpringBootTestContextBootstrapper - Using TestExecutionListeners: [org.springframework.test.context.web.ServletTestExecutionListener@48c35007, org.springframework.test.context.support.DirtiesContextBeforeModesTestExecutionListener@72a85671, org.springframework.test.context.event.ApplicationEventsTestExecutionListener@6722db6e, org.springframework.boot.test.mock.mockito.MockitoTestExecutionListener@18f20260, org.springframework.boot.test.autoconfigure.SpringBootDependencyInjectionTestExecutionListener@4ae33a11, org.springframework.test.context.support.DirtiesContextTestExecutionListener@7a48e6e2, org.springframework.test.context.event.EventPublishingTestExecutionListener@b40bb6e, org.springframework.boot.test.autoconfigure.restdocs.RestDocsTestExecutionListener@3a94964, org.springframework.boot.test.autoconfigure.web.client.MockRestServiceServerResetTestExecutionListener@5049d8b2, org.springframework.boot.test.autoconfigure.web.servlet.MockMvcPrintOnlyOnFailureTestExecutionListener@6d0b5baf, org.springframework.boot.test.autoconfigure.web.servlet.WebDriverTestExecutionListener@631e06ab, org.springframework.boot.test.autoconfigure.webservices.client.MockWebServiceServerTestExecutionListener@2a3591c5, org.springframework.boot.test.mock.mockito.ResetMocksTestExecutionListener@34a75079]
18:29:53.403 [Test worker] DEBUG org.springframework.test.context.support.AbstractDirtiesContextTestExecutionListener - Before test class: context [DefaultTestContext@5b58ed3c testClass = ApiTestApplicationTests, testInstance = [null], testMethod = [null], testException = [null], mergedContextConfiguration = [WebMergedContextConfiguration@24faea88 testClass = ApiTestApplicationTests, locations = '{}', classes = '{class com.example.apitest.ApiTestApplication}', contextInitializerClasses = '[]', activeProfiles = '{}', propertySourceLocations = '{}', propertySourceProperties = '{org.springframework.boot.test.context.SpringBootTestContextBootstrapper=true}', contextCustomizers = set[org.springframework.boot.test.autoconfigure.actuate.metrics.MetricsExportContextCustomizerFactory$DisableMetricExportContextCustomizer@5443d039, org.springframework.boot.test.autoconfigure.properties.PropertyMappingContextCustomizer@0, org.springframework.boot.test.autoconfigure.web.servlet.WebDriverContextCustomizerFactory$Customizer@2dcd168a, org.springframework.boot.test.context.filter.ExcludeFilterContextCustomizer@531f4093, org.springframework.boot.test.json.DuplicateJsonObjectContextCustomizerFactory$DuplicateJsonObjectContextCustomizer@74f5ce22, org.springframework.boot.test.mock.mockito.MockitoContextCustomizer@0, org.springframework.boot.test.web.client.TestRestTemplateContextCustomizer@4b1d6571, org.springframework.boot.test.context.SpringBootTestArgs@1, org.springframework.boot.test.context.SpringBootTestWebEnvironment@57af006c], resourceBasePath = 'src/main/webapp', contextLoader = 'org.springframework.boot.test.context.SpringBootContextLoader', parent = [null]], attributes = map['org.springframework.test.context.web.ServletTestExecutionListener.activateListener' -> true]], class annotated with @DirtiesContext [false] with mode [null].

  .   ____          _            __ _ _
 /\\ / ___'_ __ _ _(_)_ __  __ _ \ \ \ \
( ( )\___ | '_ | '_| | '_ \/ _` | \ \ \ \
 \\/  ___)| |_)| | | | | || (_| |  ) ) ) )
  '  |____| .__|_| |_|_| |_\__, | / / / /
 =========|_|==============|___/=/_/_/_/
 :: Spring Boot ::                (v2.7.2)

2022-08-09 18:29:53.779  INFO 38464 --- [    Test worker] c.e.apitest.ApiTestApplicationTests      : Starting ApiTestApplicationTests using Java 17.0.1 on CHRISIHOBY-PC with PID 38464 (started by chris in C:\EXAMPLES_PROJECTS\api-test)
2022-08-09 18:29:53.780  INFO 38464 --- [    Test worker] c.e.apitest.ApiTestApplicationTests      : No active profile set, falling back to 1 default profile: "default"
2022-08-09 18:29:55.567  INFO 38464 --- [    Test worker] c.e.apitest.ApiTestApplicationTests      : Started ApiTestApplicationTests in 2.115 seconds (JVM running for 3.894)
]]></system-out>
  <system-err><![CDATA[]]></system-err>
</testsuite>
